<?xml version="1.0" encoding="UTF-8"?>
<!-- Generated by org.testng.reporters.JUnitXMLReporter -->
<testsuite ignored="0" hostname="MSinghLT" failures="1" tests="6" name="Command line test" time="9.659" errors="0" timestamp="2022-07-13T16:59:43 IST">
  <testcase classname="com.vendorinsight.test.VendorInsightTest" name="@AfterMethod AfterMethod" time="0.025">
    <failure type="org.openqa.selenium.NoSuchWindowException" message="no such window: target window already closed
from unknown error: web view not found
  (Session info: chrome=104.0.5112.39)
Build info: version: &amp;apos;4.1.2&amp;apos;, revision: &amp;apos;9a5a329c5a&amp;apos;
System info: host: &amp;apos;MSINGHLT&amp;apos;, ip: &amp;apos;192.168.1.40&amp;apos;, os.name: &amp;apos;Windows 10&amp;apos;, os.arch: &amp;apos;amd64&amp;apos;, os.version: &amp;apos;10.0&amp;apos;, java.version: &amp;apos;17.0.2&amp;apos;
Driver info: org.openqa.selenium.chrome.ChromeDriver
Command: [4ad57374177e2860bd55927e024d4757, screenshot {}]
Capabilities {acceptInsecureCerts: false, browserName: chrome, browserVersion: 104.0.5112.39, chrome: {chromedriverVersion: 104.0.5112.20 (9ac43f954ebb..., userDataDir: C:\Users\msingh\AppData\Loc...}, goog:chromeOptions: {debuggerAddress: localhost:64012}, javascriptEnabled: true, networkConnectionEnabled: false, pageLoadStrategy: normal, platform: WINDOWS, platformName: WINDOWS, proxy: Proxy(), se:cdp: ws://localhost:64012/devtoo..., se:cdpVersion: 104.0.5112.39, setWindowRect: true, strictFileInteractability: false, timeouts: {implicit: 0, pageLoad: 300000, script: 30000}, unhandledPromptBehavior: dismiss and notify, webauthn:extension:credBlob: true, webauthn:extension:largeBlob: true, webauthn:virtualAuthenticators: true}
Session ID: 4ad57374177e2860bd55927e024d4757">
      <![CDATA[org.openqa.selenium.NoSuchWindowException: no such window: target window already closed
from unknown error: web view not found
  (Session info: chrome=104.0.5112.39)
Build info: version: '4.1.2', revision: '9a5a329c5a'
System info: host: 'MSINGHLT', ip: '192.168.1.40', os.name: 'Windows 10', os.arch: 'amd64', os.version: '10.0', java.version: '17.0.2'
Driver info: org.openqa.selenium.chrome.ChromeDriver
Command: [4ad57374177e2860bd55927e024d4757, screenshot {}]
Capabilities {acceptInsecureCerts: false, browserName: chrome, browserVersion: 104.0.5112.39, chrome: {chromedriverVersion: 104.0.5112.20 (9ac43f954ebb..., userDataDir: C:\Users\msingh\AppData\Loc...}, goog:chromeOptions: {debuggerAddress: localhost:64012}, javascriptEnabled: true, networkConnectionEnabled: false, pageLoadStrategy: normal, platform: WINDOWS, platformName: WINDOWS, proxy: Proxy(), se:cdp: ws://localhost:64012/devtoo..., se:cdpVersion: 104.0.5112.39, setWindowRect: true, strictFileInteractability: false, timeouts: {implicit: 0, pageLoad: 300000, script: 30000}, unhandledPromptBehavior: dismiss and notify, webauthn:extension:credBlob: true, webauthn:extension:largeBlob: true, webauthn:virtualAuthenticators: true}
Session ID: 4ad57374177e2860bd55927e024d4757
at org.openqa.selenium.remote.codec.w3c.W3CHttpResponseCodec.createException(W3CHttpResponseCodec.java:200)
at org.openqa.selenium.remote.codec.w3c.W3CHttpResponseCodec.decode(W3CHttpResponseCodec.java:133)
at org.openqa.selenium.remote.codec.w3c.W3CHttpResponseCodec.decode(W3CHttpResponseCodec.java:53)
at org.openqa.selenium.remote.HttpCommandExecutor.execute(HttpCommandExecutor.java:184)
at org.openqa.selenium.remote.service.DriverCommandExecutor.invokeExecute(DriverCommandExecutor.java:167)
at org.openqa.selenium.remote.service.DriverCommandExecutor.execute(DriverCommandExecutor.java:142)
at org.openqa.selenium.remote.RemoteWebDriver.execute(RemoteWebDriver.java:558)
at org.openqa.selenium.remote.RemoteWebDriver.execute(RemoteWebDriver.java:613)
at org.openqa.selenium.remote.RemoteWebDriver.execute(RemoteWebDriver.java:617)
at org.openqa.selenium.remote.RemoteWebDriver.getScreenshotAs(RemoteWebDriver.java:348)
at com.vendorinsight.pages.VendorInsight.getScreenshot(VendorInsight.java:528)
at com.vendorinsight.test.VendorInsightTest.AfterMethod(VendorInsightTest.java:145)
at java.base/java.util.ArrayList.forEach(ArrayList.java:1511)
at com.vendorinsight.test.TestRunner.main(TestRunner.java:14)
... Removed 34 stack frames]]>
    </failure>
  </testcase> <!-- @AfterMethod AfterMethod -->
  <testcase classname="com.vendorinsight.test.VendorInsightTest" name="@AfterMethod AfterMethod" time="-1.657711783432E9">
    <skipped/>
  </testcase> <!-- @AfterMethod AfterMethod -->
  <testcase classname="com.vendorinsight.test.VendorInsightTest" name="@AfterMethod AfterMethod" time="-1.657711783434E9">
    <skipped/>
  </testcase> <!-- @AfterMethod AfterMethod -->
  <testcase classname="com.vendorinsight.test.VendorInsightTest" name="@AfterMethod AfterMethod" time="-1.657711783435E9">
    <skipped/>
  </testcase> <!-- @AfterMethod AfterMethod -->
  <testcase classname="com.vendorinsight.test.VendorInsightTest" name="@AfterMethod AfterMethod" time="-1.657711783436E9">
    <skipped/>
  </testcase> <!-- @AfterMethod AfterMethod -->
  <testcase classname="com.vendorinsight.test.VendorInsightTest" name="@AfterMethod AfterMethod" time="-1.657711783436E9">
    <skipped/>
  </testcase> <!-- @AfterMethod AfterMethod -->
  <testcase classname="com.vendorinsight.test.VendorInsightTest" name="TestVILaunch" time="9.566">
    <failure type="org.openqa.selenium.NoSuchElementException" message="Unable to find element with locator By.xpath: (//button[text()=&amp;apos;Go&amp;apos;])[2]
For documentation on this error, please visit: https://selenium.dev/exceptions/#no_such_element
Build info: version: &amp;apos;4.1.2&amp;apos;, revision: &amp;apos;9a5a329c5a&amp;apos;
System info: host: &amp;apos;MSINGHLT&amp;apos;, ip: &amp;apos;192.168.1.40&amp;apos;, os.name: &amp;apos;Windows 10&amp;apos;, os.arch: &amp;apos;amd64&amp;apos;, os.version: &amp;apos;10.0&amp;apos;, java.version: &amp;apos;17.0.2&amp;apos;
Driver info: driver.version: RemoteWebDriver">
      <![CDATA[org.openqa.selenium.NoSuchElementException: Unable to find element with locator By.xpath: (//button[text()='Go'])[2]
For documentation on this error, please visit: https://selenium.dev/exceptions/#no_such_element
Build info: version: '4.1.2', revision: '9a5a329c5a'
System info: host: 'MSINGHLT', ip: '192.168.1.40', os.name: 'Windows 10', os.arch: 'amd64', os.version: '10.0', java.version: '17.0.2'
Driver info: driver.version: RemoteWebDriver
at org.openqa.selenium.remote.ElementLocation$ElementFinder$2.findElement(ElementLocation.java:165)
at org.openqa.selenium.remote.ElementLocation.findElement(ElementLocation.java:60)
at org.openqa.selenium.remote.RemoteWebDriver.findElement(RemoteWebDriver.java:382)
at org.openqa.selenium.remote.RemoteWebDriver.findElement(RemoteWebDriver.java:374)
at com.vendorinsight.utility.SeleniumUtil.scrollToViewElement(SeleniumUtil.java:156)
at com.vendorinsight.pages.VendorInsight.signin(VendorInsight.java:141)
at com.vendorinsight.test.VendorInsightTest.TestVILaunch(VendorInsightTest.java:68)
at java.base/java.util.ArrayList.forEach(ArrayList.java:1511)
at com.vendorinsight.test.TestRunner.main(TestRunner.java:14)
... Removed 24 stack frames]]>
    </failure>
  </testcase> <!-- TestVILaunch -->
  <testcase classname="com.vendorinsight.test.VendorInsightTest" name="TestFieldOperation" time="0.0">
    <skipped/>
  </testcase> <!-- TestFieldOperation -->
  <testcase classname="com.vendorinsight.test.VendorInsightTest" name="TestSearchInVendorInsight" time="0.0">
    <skipped/>
  </testcase> <!-- TestSearchInVendorInsight -->
  <testcase classname="com.vendorinsight.test.VendorInsightTest" name="TestVITabs" time="0.0">
    <skipped/>
  </testcase> <!-- TestVITabs -->
  <testcase classname="com.vendorinsight.test.VendorInsightTest" name="TestVIWritereview" time="0.0">
    <skipped/>
  </testcase> <!-- TestVIWritereview -->
  <testcase classname="com.vendorinsight.test.VendorInsightTest" name="TestGetLinks" time="0.0">
    <skipped/>
  </testcase> <!-- TestGetLinks -->
</testsuite> <!-- Command line test -->
